{
  "RSpec": {
    "coverage": {
      "/home/shree/Shreekanth/Projects/Robot/app/helpers/api/orders_helper.rb": {
        "lines": [
          1,
          null
        ]
      },
      "/home/shree/Shreekanth/Projects/Robot/app/helpers/api/robot/ord_helper.rb": {
        "lines": [
          1,
          null
        ]
      },
      "/home/shree/Shreekanth/Projects/Robot/app/helpers/application_helper.rb": {
        "lines": [
          1,
          null
        ]
      },
      "/home/shree/Shreekanth/Projects/Robot/app/controllers/api/orders_controller.rb": {
        "lines": [
          1,
          1,
          1,
          2,
          2,
          null,
          null,
          1,
          1,
          4,
          null,
          null,
          1,
          2,
          null,
          null,
          1,
          4,
          null,
          null
        ]
      },
      "/home/shree/Shreekanth/Projects/Robot/app/controllers/application_controller.rb": {
        "lines": [
          1,
          1,
          null
        ]
      },
      "/home/shree/Shreekanth/Projects/Robot/app/models/robot.rb": {
        "lines": [
          1,
          null
        ]
      },
      "/home/shree/Shreekanth/Projects/Robot/app/models/application_record.rb": {
        "lines": [
          1,
          1,
          null
        ]
      },
      "/home/shree/Shreekanth/Projects/Robot/app/services/robot_simulation.rb": {
        "lines": [
          1,
          1,
          1,
          2,
          2,
          2,
          null,
          null,
          1,
          2,
          14,
          2,
          12,
          2,
          2,
          null,
          10,
          null,
          null,
          2,
          null,
          null,
          1,
          2,
          null,
          null,
          1,
          null,
          1,
          2,
          null,
          null,
          1,
          10,
          null,
          2,
          null,
          4,
          null,
          4,
          null,
          null,
          null,
          1,
          2,
          2,
          null,
          null,
          1,
          4,
          4,
          4,
          null,
          null,
          1,
          4,
          null,
          0,
          null,
          2,
          null,
          2,
          null,
          0,
          null,
          null,
          null,
          1,
          2,
          null,
          2,
          2,
          2,
          2,
          2,
          null,
          null,
          null
        ]
      }
    },
    "timestamp": 1653629380
  }
}
